<?xml version="1.0" encoding="UTF-8"?>
<testsuite xmlns:xsi="http://www.w3.org/2001/XMLSchema-instance" xsi:noNamespaceSchemaLocation="https://maven.apache.org/surefire/maven-surefire-plugin/xsd/surefire-test-report-3.0.xsd" version="3.0" name="com.fawry.controller.CheckoutControllerTest" time="0.085" tests="3" errors="0" skipped="0" failures="0">
  <properties>
[...]
</properties>
  <testcase name="testHandleCheckout_successfulFlow" classname="com.fawry.controller.CheckoutControllerTest" time="0.048">
    <system-err><![CDATA[[main] WARN com.fawry.service.ValidationService - Customer balance is lower than total
 Checkout failed: Cannot complete transaction: insufficient balance in account. Required amount is 220.0, but available balance is 0.0.
]]></system-err>
  </testcase>
  <testcase name="testHandleCheckout_withExpiredProduct_shouldFail" classname="com.fawry.controller.CheckoutControllerTest" time="0.001">
    <system-err><![CDATA[[main] WARN com.fawry.service.ValidationService - Customer balance is lower than total
 Checkout failed: Cannot complete transaction: insufficient balance in account. Required amount is 110.0, but available balance is 0.0.
]]></system-err>
  </testcase>
  <testcase name="testHandleCheckout_insufficientBalance_shouldFail" classname="com.fawry.controller.CheckoutControllerTest" time="0.014">
    <system-out><![CDATA[** Shipment notice **
Cheese   200g
Cheese   200g
Total package weight 0.4g

** Checkout receipt **
2x Cheese 	200.0
----------------------
Subtotal  		200.0
Shipping  		20.0
Amount  		220.0
Remaining balance:	770.0
 Checkout completed successfully.
]]></system-out>
  </testcase>
</testsuite>